<?xml version="1.0" encoding="UTF-8"?>
<!-- Generated by org.testng.reporters.JUnitReportReporter -->
<testsuite skipped="0" hostname="LAPTOP-FTMTO5II" name="com.qa.hubspot.tests.LoginTest" tests="2" failures="0" timestamp="26 Sep 2019 17:24:39 GMT" time="100.375" errors="0">
  <testcase name="loginTest" time="35.711" classname="com.qa.hubspot.tests.LoginTest"/>
  <testcase name="loginPageTitleTest" time="64.664" classname="com.qa.hubspot.tests.LoginTest"/>
</testsuite> <!-- com.qa.hubspot.tests.LoginTest -->
